Intermittent failures in DurableClientCacheIntegrationTest
The IO 2.1 compatibility build is failing due to a problem with DurableClientCacheIntegrationTest durableClientGetsUpdatesFromServerWhileClientWasOffline. It sometimes fails when run against Java 7 and sometimes fails when run against Java 8 so it appears to be somewhat intermittent. The failure is:






java.lang.IllegalStateException: Failed to load ApplicationContext




	at org.springframework.test.context.cache.DefaultCacheAwareContextLoaderDelegate.loadContext(DefaultCacheAwareContextLoaderDelegate.java:124)




	at org.springframework.test.context.support.DefaultTestContext.getApplicationContext(DefaultTestContext.java:83)




	at org.springframework.test.context.support.DependencyInjectionTestExecutionListener.injectDependencies(DependencyInjectionTestExecutionListener.java:117)




	at org.springframework.test.context.support.DependencyInjectionTestExecutionListener.prepareTestInstance(DependencyInjectionTestExecutionListener.java:83)




	at org.springframework.test.context.TestContextManager.prepareTestInstance(TestContextManager.java:230)




	at org.springframework.test.context.junit4.SpringJUnit4ClassRunner.createTest(SpringJUnit4ClassRunner.java:228)




	at org.springframework.test.context.junit4.SpringJUnit4ClassRunner$1.runReflectiveCall(SpringJUnit4ClassRunner.java:287)




	at org.junit.internal.runners.model.ReflectiveCallable.run(ReflectiveCallable.java:12)




	at org.springframework.test.context.junit4.SpringJUnit4ClassRunner.methodBlock(SpringJUnit4ClassRunner.java:289)




	at org.springframework.test.context.junit4.SpringJUnit4ClassRunner.runChild(SpringJUnit4ClassRunner.java:247)




	at org.springframework.test.context.junit4.SpringJUnit4ClassRunner.runChild(SpringJUnit4ClassRunner.java:94)




	at org.junit.runners.ParentRunner$3.run(ParentRunner.java:290)




	at org.junit.runners.ParentRunner$1.schedule(ParentRunner.java:71)




	at org.junit.runners.ParentRunner.runChildren(ParentRunner.java:288)




	at org.junit.runners.ParentRunner.access$000(ParentRunner.java:58)




	at org.junit.runners.ParentRunner$2.evaluate(ParentRunner.java:268)




	at org.junit.internal.runners.statements.RunBefores.evaluate(RunBefores.java:26)




	at org.springframework.test.context.junit4.statements.RunBeforeTestClassCallbacks.evaluate(RunBeforeTestClassCallbacks.java:61)




	at org.junit.internal.runners.statements.RunAfters.evaluate(RunAfters.java:27)




	at org.springframework.test.context.junit4.statements.RunAfterTestClassCallbacks.evaluate(RunAfterTestClassCallbacks.java:70)




	at org.junit.runners.ParentRunner.run(ParentRunner.java:363)




	at org.springframework.test.context.junit4.SpringJUnit4ClassRunner.run(SpringJUnit4ClassRunner.java:191)




	at org.gradle.api.internal.tasks.testing.junit.JUnitTestClassExecuter.runTestClass(JUnitTestClassExecuter.java:86)




	at org.gradle.api.internal.tasks.testing.junit.JUnitTestClassExecuter.execute(JUnitTestClassExecuter.java:49)




	at org.gradle.api.internal.tasks.testing.junit.JUnitTestClassProcessor.processTestClass(JUnitTestClassProcessor.java:69)




	at org.gradle.api.internal.tasks.testing.SuiteTestClassProcessor.processTestClass(SuiteTestClassProcessor.java:48)




	at sun.reflect.NativeMethodAccessorImpl.invoke0(Native Method)




	at sun.reflect.NativeMethodAccessorImpl.invoke(NativeMethodAccessorImpl.java:57)




	at sun.reflect.DelegatingMethodAccessorImpl.invoke(DelegatingMethodAccessorImpl.java:43)




	at java.lang.reflect.Method.invoke(Method.java:606)




	at org.gradle.messaging.dispatch.ReflectionDispatch.dispatch(ReflectionDispatch.java:35)




	at org.gradle.messaging.dispatch.ReflectionDispatch.dispatch(ReflectionDispatch.java:24)




	at org.gradle.messaging.dispatch.ContextClassLoaderDispatch.dispatch(ContextClassLoaderDispatch.java:32)




	at org.gradle.messaging.dispatch.ProxyDispatchAdapter$DispatchingInvocationHandler.invoke(ProxyDispatchAdapter.java:93)




	at com.sun.proxy.$Proxy2.processTestClass(Unknown Source)




	at org.gradle.api.internal.tasks.testing.worker.TestWorker.processTestClass(TestWorker.java:105)




	at sun.reflect.NativeMethodAccessorImpl.invoke0(Native Method)




	at sun.reflect.NativeMethodAccessorImpl.invoke(NativeMethodAccessorImpl.java:57)




	at sun.reflect.DelegatingMethodAccessorImpl.invoke(DelegatingMethodAccessorImpl.java:43)




	at java.lang.reflect.Method.invoke(Method.java:606)




	at org.gradle.messaging.dispatch.ReflectionDispatch.dispatch(ReflectionDispatch.java:35)




	at org.gradle.messaging.dispatch.ReflectionDispatch.dispatch(ReflectionDispatch.java:24)




	at org.gradle.messaging.remote.internal.hub.MessageHub$Handler.run(MessageHub.java:355)




	at org.gradle.internal.concurrent.DefaultExecutorFactory$StoppableExecutorImpl$1.run(DefaultExecutorFactory.java:64)




	at java.util.concurrent.ThreadPoolExecutor.runWorker(ThreadPoolExecutor.java:1145)




	at java.util.concurrent.ThreadPoolExecutor$Worker.run(ThreadPoolExecutor.java:615)




	at java.lang.Thread.run(Thread.java:745)




Caused by: org.springframework.beans.factory.BeanCreationException: Error creating bean with name &amp;apos;Example&amp;apos;: Cannot resolve reference to bean &amp;apos;gemfireCache&amp;apos; while setting bean property &amp;apos;cache&amp;apos;; nested exception is org.springframework.beans.factory.BeanCreationException: Error creating bean with name &amp;apos;gemfireCache&amp;apos;: Post-processing of FactoryBean&amp;apos;s singleton object failed; nested exception is java.lang.AssertionError: 




Expected: is a value equal to or greater than &lt;2&gt;




     but: &lt;0&gt; was less than &lt;2&gt;




	at org.springframework.beans.factory.support.BeanDefinitionValueResolver.resolveReference(BeanDefinitionValueResolver.java:359)




	at org.springframework.beans.factory.support.BeanDefinitionValueResolver.resolveValueIfNecessary(BeanDefinitionValueResolver.java:108)




	at org.springframework.beans.factory.support.AbstractAutowireCapableBeanFactory.applyPropertyValues(AbstractAutowireCapableBeanFactory.java:1481)




	at org.springframework.beans.factory.support.AbstractAutowireCapableBeanFactory.populateBean(AbstractAutowireCapableBeanFactory.java:1226)




	at org.springframework.beans.factory.support.AbstractAutowireCapableBeanFactory.doCreateBean(AbstractAutowireCapableBeanFactory.java:543)




	at org.springframework.beans.factory.support.AbstractAutowireCapableBeanFactory.createBean(AbstractAutowireCapableBeanFactory.java:482)




	at org.springframework.beans.factory.support.AbstractBeanFactory$1.getObject(AbstractBeanFactory.java:306)




	at org.springframework.beans.factory.support.DefaultSingletonBeanRegistry.getSingleton(DefaultSingletonBeanRegistry.java:230)




	at org.springframework.beans.factory.support.AbstractBeanFactory.doGetBean(AbstractBeanFactory.java:302)




	at org.springframework.beans.factory.support.AbstractBeanFactory.getBean(AbstractBeanFactory.java:197)




	at org.springframework.beans.factory.support.DefaultListableBeanFactory.preInstantiateSingletons(DefaultListableBeanFactory.java:756)




	at org.springframework.context.support.AbstractApplicationContext.finishBeanFactoryInitialization(AbstractApplicationContext.java:861)




	at org.springframework.context.support.AbstractApplicationContext.refresh(AbstractApplicationContext.java:541)




	at org.springframework.test.context.support.AbstractGenericContextLoader.loadContext(AbstractGenericContextLoader.java:128)




	at org.springframework.test.context.support.AbstractGenericContextLoader.loadContext(AbstractGenericContextLoader.java:60)




	at org.springframework.test.context.support.AbstractDelegatingSmartContextLoader.delegateLoading(AbstractDelegatingSmartContextLoader.java:108)




	at org.springframework.test.context.support.AbstractDelegatingSmartContextLoader.loadContext(AbstractDelegatingSmartContextLoader.java:251)




	at org.springframework.test.context.cache.DefaultCacheAwareContextLoaderDelegate.loadContextInternal(DefaultCacheAwareContextLoaderDelegate.java:98)




	at org.springframework.test.context.cache.DefaultCacheAwareContextLoaderDelegate.loadContext(DefaultCacheAwareContextLoaderDelegate.java:116)




	... 46 more




Caused by: org.springframework.beans.factory.BeanCreationException: Error creating bean with name &amp;apos;gemfireCache&amp;apos;: Post-processing of FactoryBean&amp;apos;s singleton object failed; nested exception is java.lang.AssertionError: 




Expected: is a value equal to or greater than &lt;2&gt;




     but: &lt;0&gt; was less than &lt;2&gt;




	at org.springframework.beans.factory.support.FactoryBeanRegistrySupport.getObjectFromFactoryBean(FactoryBeanRegistrySupport.java:116)




	at org.springframework.beans.factory.support.AbstractBeanFactory.getObjectForBeanInstance(AbstractBeanFactory.java:1595)




	at org.springframework.beans.factory.support.AbstractBeanFactory.doGetBean(AbstractBeanFactory.java:254)




	at org.springframework.beans.factory.support.AbstractBeanFactory.getBean(AbstractBeanFactory.java:197)




	at org.springframework.beans.factory.support.BeanDefinitionValueResolver.resolveReference(BeanDefinitionValueResolver.java:351)




	... 64 more




Caused by: java.lang.AssertionError: 




Expected: is a value equal to or greater than &lt;2&gt;




     but: &lt;0&gt; was less than &lt;2&gt;




	at org.hamcrest.MatcherAssert.assertThat(MatcherAssert.java:20)




	at org.junit.Assert.assertThat(Assert.java:956)




	at org.junit.Assert.assertThat(Assert.java:923)




	at org.springframework.data.gemfire.client.DurableClientCacheIntegrationTest$ClientCacheBeanPostProcessor.postProcessAfterInitialization(DurableClientCacheIntegrationTest.java:247)




	at org.springframework.beans.factory.support.AbstractAutowireCapableBeanFactory.applyBeanPostProcessorsAfterInitialization(AbstractAutowireCapableBeanFactory.java:422)




	at org.springframework.beans.factory.support.AbstractAutowireCapableBeanFactory.postProcessObjectFromFactoryBean(AbstractAutowireCapableBeanFactory.java:1723)




	at org.springframework.beans.factory.support.FactoryBeanRegistrySupport.getObjectFromFactoryBean(FactoryBeanRegistrySupport.java:113)




	... 68 more





