TestShell visibility tests failing
This is after HBASE-14105  but we&amp;apos;ve seen this earlier where adding ruby units to the shell tests can cause the visibility tests to fail inexplicably. We can&amp;apos;t just avoid adding ruby units to TestShell in 0.98 so figure out the root cause and fix or disable these. 

  1) Error:

test_The_get/put_methods_should_work_for_data_written_with_Visibility(Hbase::VisibilityLabelsAdminMethodsTest):

NativeException: junit.framework.AssertionFailedError: Waiting timed out after [10,000] msec

    junit/framework/Assert.java:57:in `fail&amp;apos;

    org/apache/hadoop/hbase/Waiter.java:193:in `waitFor&amp;apos;

    org/apache/hadoop/hbase/Waiter.java:128:in `waitFor&amp;apos;

    org/apache/hadoop/hbase/HBaseTestingUtility.java:3514:in `waitFor&amp;apos;

    org/apache/hadoop/hbase/HBaseTestingUtility.java:3576:in `waitLabelAvailable&amp;apos;

    ./src/test/ruby/hbase/visibility_labels_admin_test.rb:73:in `test_The_get/put_methods_should_work_for_data_written_with_Visibility&amp;apos;

    org/jruby/RubyProc.java:270:in `call&amp;apos;

    org/jruby/RubyKernel.java:2105:in `send&amp;apos;

    org/jruby/RubyArray.java:1620:in `each&amp;apos;

    org/jruby/RubyArray.java:1620:in `each&amp;apos;



  2) Error:

test_The_set/clear_methods_should_work_with_authorizations(Hbase::VisibilityLabelsAdminMethodsTest):

NativeException: junit.framework.AssertionFailedError: Waiting timed out after [10,000] msec

    junit/framework/Assert.java:57:in `fail&amp;apos;

    org/apache/hadoop/hbase/Waiter.java:193:in `waitFor&amp;apos;

    org/apache/hadoop/hbase/Waiter.java:128:in `waitFor&amp;apos;

    org/apache/hadoop/hbase/HBaseTestingUtility.java:3514:in `waitFor&amp;apos;

    org/apache/hadoop/hbase/HBaseTestingUtility.java:3576:in `waitLabelAvailable&amp;apos;

    ./src/test/ruby/hbase/visibility_labels_admin_test.rb:52:in `test_The_set/clear_methods_should_work_with_authorizations&amp;apos;

    org/jruby/RubyProc.java:270:in `call&amp;apos;

    org/jruby/RubyKernel.java:2105:in `send&amp;apos;

    org/jruby/RubyArray.java:1620:in `each&amp;apos;

    org/jruby/RubyArray.java:1620:in `each&amp;apos;


