o.s.r.project.MavenProjectMetadataProviderTest fails on Windows
Spring sources cannot be built on win7 platform (builds fine on unix).
Please look after &amp; resolve this issue ASAP.
Attached the actual failing test&amp;apos;s report.
Build process (mvn install) produces the following output:
[INFO] ------------------------------------------------------------------------
[INFO] BUILD FAILURE
[INFO] ------------------------------------------------------------------------
[INFO] Total time: 23.028s
[INFO] Finished at: Wed Sep 21 11:20:05 CEST 2011
[INFO] Final Memory: 32M/157M
[INFO] ------------------------------------------------------------------------
[ERROR] Failed to execute goal org.apache.maven.plugins:maven-surefire-plugin:2.8:test (default-test) on project org.springf
ramework.roo.project: There are test failures.
[ERROR]
[ERROR] Please refer to C:\Java\spring-roo\project\target\surefire-reports for the individual test results.
[ERROR] -&gt; [Help 1]
org.apache.maven.lifecycle.LifecycleExecutionException: Failed to execute goal org.apache.maven.plugins:maven-surefire-plugi
n:2.8:test (default-test) on project org.springframework.roo.project: There are test failures.
Please refer to C:\Java\spring-roo\project\target\surefire-reports for the individual test results.
        at org.apache.maven.lifecycle.internal.MojoExecutor.execute(MojoExecutor.java:213)
        at org.apache.maven.lifecycle.internal.MojoExecutor.execute(MojoExecutor.java:153)
        at org.apache.maven.lifecycle.internal.MojoExecutor.execute(MojoExecutor.java:145)
        at org.apache.maven.lifecycle.internal.LifecycleModuleBuilder.buildProject(LifecycleModuleBuilder.java:84)
        at org.apache.maven.lifecycle.internal.LifecycleModuleBuilder.buildProject(LifecycleModuleBuilder.java:59)
        at org.apache.maven.lifecycle.internal.LifecycleStarter.singleThreadedBuild(LifecycleStarter.java:183)
        at org.apache.maven.lifecycle.internal.LifecycleStarter.execute(LifecycleStarter.java:161)
        at org.apache.maven.DefaultMaven.doExecute(DefaultMaven.java:319)
        at org.apache.maven.DefaultMaven.execute(DefaultMaven.java:156)
        at org.apache.maven.cli.MavenCli.execute(MavenCli.java:537)
        at org.apache.maven.cli.MavenCli.doMain(MavenCli.java:196)
        at org.apache.maven.cli.MavenCli.main(MavenCli.java:141)
        at sun.reflect.NativeMethodAccessorImpl.invoke0(Native Method)
        at sun.reflect.NativeMethodAccessorImpl.invoke(NativeMethodAccessorImpl.java:39)
        at sun.reflect.DelegatingMethodAccessorImpl.invoke(DelegatingMethodAccessorImpl.java:25)
        at java.lang.reflect.Method.invoke(Method.java:597)
        at org.codehaus.plexus.classworlds.launcher.Launcher.launchEnhanced(Launcher.java:290)
        at org.codehaus.plexus.classworlds.launcher.Launcher.launch(Launcher.java:230)
        at org.codehaus.plexus.classworlds.launcher.Launcher.mainWithExitCode(Launcher.java:409)
        at org.codehaus.plexus.classworlds.launcher.Launcher.main(Launcher.java:352)
Caused by: org.apache.maven.plugin.MojoFailureException: There are test failures.
Please refer to C:\Java\spring-roo\project\target\surefire-reports for the individual test results.
        at org.apache.maven.plugin.surefire.SurefireHelper.reportExecution(SurefireHelper.java:74)
        at org.apache.maven.plugin.surefire.SurefirePlugin.writeSummary(SurefirePlugin.java:644)
        at org.apache.maven.plugin.surefire.SurefirePlugin.executeAfterPreconditionsChecked(SurefirePlugin.java:640)
        at org.apache.maven.plugin.surefire.AbstractSurefireMojo.execute(AbstractSurefireMojo.java:103)
        at org.apache.maven.plugin.DefaultBuildPluginManager.executeMojo(DefaultBuildPluginManager.java:101)
        at org.apache.maven.lifecycle.internal.MojoExecutor.execute(MojoExecutor.java:209)
        ... 19 more
[ERROR]
[ERROR] Re-run Maven using the -X switch to enable full debug logging.
[ERROR]
[ERROR] For more information about the errors and possible solutions, please read the following articles:
[ERROR] [Help 1] http://cwiki.apache.org/confluence/display/MAVEN/MojoFailureException
[ERROR]
[ERROR] After correcting the problems, you can resume the build with the command
[ERROR]   mvn &lt;goals&gt; -rf :org.springframework.roo.project