Path-dependent unit tests fail on Windows






  &lt;testcase time="0" classname="org.springframework.roo.support.util.FileUtilsTest" name="testGetFirstDirectoryOfExistingDirectory"/&gt;




  &lt;testcase time="0.007" classname="org.springframework.roo.support.util.FileUtilsTest" name="testGetFirstDirectoryOfExistingFile"&gt;




    &lt;error message="String index out of range: -1" type="java.lang.StringIndexOutOfBoundsException"&gt;java.lang.StringIndexOutOfBoundsException: String index out of range: -1




	at java.lang.String.substring(String.java:1937)




	at org.springframework.roo.support.util.FileUtils.backOneDirectory(FileUtils.java:163)




	at org.springframework.roo.support.util.FileUtils.getFirstDirectory(FileUtils.java:151)




	at org.springframework.roo.support.util.FileUtilsTest.assertFirstDirectory(FileUtilsTest.java:194)




	at org.springframework.roo.support.util.FileUtilsTest.testGetFirstDirectoryOfExistingFile(FileUtilsTest.java:214)




	at sun.reflect.NativeMethodAccessorImpl.invoke0(Native Method)




	at sun.reflect.NativeMethodAccessorImpl.invoke(NativeMethodAccessorImpl.java:39)




	at sun.reflect.DelegatingMethodAccessorImpl.invoke(DelegatingMethodAccessorImpl.java:25)




	at java.lang.reflect.Method.invoke(Method.java:597)




	at org.junit.runners.model.FrameworkMethod$1.runReflectiveCall(FrameworkMethod.java:44)




	at org.junit.internal.runners.model.ReflectiveCallable.run(ReflectiveCallable.java:15)




	at org.junit.runners.model.FrameworkMethod.invokeExplosively(FrameworkMethod.java:41)




	at org.junit.internal.runners.statements.InvokeMethod.evaluate(InvokeMethod.java:20)




	at org.junit.runners.ParentRunner.runLeaf(ParentRunner.java:263)




	at org.junit.runners.BlockJUnit4ClassRunner.runChild(BlockJUnit4ClassRunner.java:69)




	at org.junit.runners.BlockJUnit4ClassRunner.runChild(BlockJUnit4ClassRunner.java:48)




	at org.junit.runners.ParentRunner$3.run(ParentRunner.java:231)




	at org.junit.runners.ParentRunner$1.schedule(ParentRunner.java:60)




	at org.junit.runners.ParentRunner.runChildren(ParentRunner.java:229)




	at org.junit.runners.ParentRunner.access$000(ParentRunner.java:50)




	at org.junit.runners.ParentRunner$2.evaluate(ParentRunner.java:222)




	at org.junit.runners.ParentRunner.run(ParentRunner.java:292)




	at org.apache.maven.surefire.junit4.JUnit4TestSet.execute(JUnit4TestSet.java:53)




	at org.apache.maven.surefire.junit4.JUnit4Provider.executeTestSet(JUnit4Provider.java:119)




	at org.apache.maven.surefire.junit4.JUnit4Provider.invoke(JUnit4Provider.java:101)




	at sun.reflect.NativeMethodAccessorImpl.invoke0(Native Method)




	at sun.reflect.NativeMethodAccessorImpl.invoke(NativeMethodAccessorImpl.java:39)




	at sun.reflect.DelegatingMethodAccessorImpl.invoke(DelegatingMethodAccessorImpl.java:25)




	at java.lang.reflect.Method.invoke(Method.java:597)




	at org.apache.maven.surefire.booter.ProviderFactory$ClassLoaderProxy.invoke(ProviderFactory.java:103)




	at $Proxy0.invoke(Unknown Source)




	at org.apache.maven.surefire.booter.SurefireStarter.invokeProvider(SurefireStarter.java:150)




	at org.apache.maven.surefire.booter.SurefireStarter.runSuitesInProcess(SurefireStarter.java:91)




	at org.apache.maven.surefire.booter.ForkedBooter.main(ForkedBooter.java:69)




    &lt;/error&gt;




  &lt;/testcase&gt;




  &lt;testcase time="0.001" classname="org.springframework.roo.support.util.FileUtilsTest" name="testBackOneDirectory"&gt;




    &lt;error message="String index out of range: -1" type="java.lang.StringIndexOutOfBoundsException"&gt;java.lang.StringIndexOutOfBoundsException: String index out of range: -1




	at java.lang.String.substring(String.java:1937)




	at org.springframework.roo.support.util.FileUtils.backOneDirectory(FileUtils.java:163)




	at org.springframework.roo.support.util.FileUtilsTest.testBackOneDirectory(FileUtilsTest.java:219)




	at sun.reflect.NativeMethodAccessorImpl.invoke0(Native Method)




	at sun.reflect.NativeMethodAccessorImpl.invoke(NativeMethodAccessorImpl.java:39)




	at sun.reflect.DelegatingMethodAccessorImpl.invoke(DelegatingMethodAccessorImpl.java:25)




	at java.lang.reflect.Method.invoke(Method.java:597)




	at org.junit.runners.model.FrameworkMethod$1.runReflectiveCall(FrameworkMethod.java:44)




	at org.junit.internal.runners.model.ReflectiveCallable.run(ReflectiveCallable.java:15)




	at org.junit.runners.model.FrameworkMethod.invokeExplosively(FrameworkMethod.java:41)




	at org.junit.internal.runners.statements.InvokeMethod.evaluate(InvokeMethod.java:20)




	at org.junit.runners.ParentRunner.runLeaf(ParentRunner.java:263)




	at org.junit.runners.BlockJUnit4ClassRunner.runChild(BlockJUnit4ClassRunner.java:69)




	at org.junit.runners.BlockJUnit4ClassRunner.runChild(BlockJUnit4ClassRunner.java:48)




	at org.junit.runners.ParentRunner$3.run(ParentRunner.java:231)




	at org.junit.runners.ParentRunner$1.schedule(ParentRunner.java:60)




	at org.junit.runners.ParentRunner.runChildren(ParentRunner.java:229)




	at org.junit.runners.ParentRunner.access$000(ParentRunner.java:50)




	at org.junit.runners.ParentRunner$2.evaluate(ParentRunner.java:222)




	at org.junit.runners.ParentRunner.run(ParentRunner.java:292)




	at org.apache.maven.surefire.junit4.JUnit4TestSet.execute(JUnit4TestSet.java:53)




	at org.apache.maven.surefire.junit4.JUnit4Provider.executeTestSet(JUnit4Provider.java:119)




	at org.apache.maven.surefire.junit4.JUnit4Provider.invoke(JUnit4Provider.java:101)




	at sun.reflect.NativeMethodAccessorImpl.invoke0(Native Method)




	at sun.reflect.NativeMethodAccessorImpl.invoke(NativeMethodAccessorImpl.java:39)




	at sun.reflect.DelegatingMethodAccessorImpl.invoke(DelegatingMethodAccessorImpl.java:25)




	at java.lang.reflect.Method.invoke(Method.java:597)




	at org.apache.maven.surefire.booter.ProviderFactory$ClassLoaderProxy.invoke(ProviderFactory.java:103)




	at $Proxy0.invoke(Unknown Source)




	at org.apache.maven.surefire.booter.SurefireStarter.invokeProvider(SurefireStarter.java:150)




	at org.apache.maven.surefire.booter.SurefireStarter.runSuitesInProcess(SurefireStarter.java:91)




	at org.apache.maven.surefire.booter.ForkedBooter.main(ForkedBooter.java:69)




    &lt;/error&gt;




  &lt;/testcase&gt;




&lt;/testsuite&gt;





