org.apache.camel.issues.RetryRouteScopedUntilRecipientListParallelIssueTest failing on build on trunk
Unit test failing on mvn install on latest head from trunk.
mvn -e output
-------------------------------------------------------
 T E S T S
-------------------------------------------------------
Running org.apache.camel.issues.RetryRouteScopedUntilRecipientListParallelIssueTest
Tests run: 7, Failures: 1, Errors: 0, Skipped: 0, Time elapsed: 11.866 sec &lt;&lt;&lt; FAILURE!
Results :
Failed tests: 
  testRetryUntilRecipientListOkAndFail(org.apache.camel.issues.RetryRouteScopedUntilRecipientListParallelIssueTest)
Tests run: 7, Failures: 1, Errors: 0, Skipped: 0
[INFO] ------------------------------------------------------------------------
[ERROR] BUILD FAILURE
[INFO] ------------------------------------------------------------------------
[INFO] There are test failures.
Please refer to /data/workspace/camel/camel-core/target/surefire-reports for the individual test results.
[INFO] ------------------------------------------------------------------------
[INFO] Trace
org.apache.maven.BuildFailureException: There are test failures.
Please refer to /data/workspace/camel/camel-core/target/surefire-reports for the individual test results.
	at org.apache.maven.lifecycle.DefaultLifecycleExecutor.executeGoals(DefaultLifecycleExecutor.java:715)
	at org.apache.maven.lifecycle.DefaultLifecycleExecutor.executeGoalWithLifecycle(DefaultLifecycleExecutor.java:556)
	at org.apache.maven.lifecycle.DefaultLifecycleExecutor.executeGoal(DefaultLifecycleExecutor.java:535)
	at org.apache.maven.lifecycle.DefaultLifecycleExecutor.executeGoalAndHandleFailures(DefaultLifecycleExecutor.java:387)
	at org.apache.maven.lifecycle.DefaultLifecycleExecutor.executeTaskSegments(DefaultLifecycleExecutor.java:348)
	at org.apache.maven.lifecycle.DefaultLifecycleExecutor.execute(DefaultLifecycleExecutor.java:180)
	at org.apache.maven.DefaultMaven.doExecute(DefaultMaven.java:328)
	at org.apache.maven.DefaultMaven.execute(DefaultMaven.java:138)
	at org.apache.maven.cli.MavenCli.main(MavenCli.java:362)
	at org.apache.maven.cli.compat.CompatibleMain.main(CompatibleMain.java:60)
	at sun.reflect.NativeMethodAccessorImpl.invoke0(Native Method)
	at sun.reflect.NativeMethodAccessorImpl.invoke(NativeMethodAccessorImpl.java:39)
	at sun.reflect.DelegatingMethodAccessorImpl.invoke(DelegatingMethodAccessorImpl.java:25)
	at java.lang.reflect.Method.invoke(Method.java:597)
	at org.codehaus.classworlds.Launcher.launchEnhanced(Launcher.java:315)
	at org.codehaus.classworlds.Launcher.launch(Launcher.java:255)
	at org.codehaus.classworlds.Launcher.mainWithExitCode(Launcher.java:430)
	at org.codehaus.classworlds.Launcher.main(Launcher.java:375)
Caused by: org.apache.maven.plugin.MojoFailureException: There are test failures.
Please refer to /data/workspace/camel/camel-core/target/surefire-reports for the individual test results.
	at org.apache.maven.plugin.surefire.SurefirePlugin.execute(SurefirePlugin.java:575)
	at org.apache.maven.plugin.DefaultPluginManager.executeMojo(DefaultPluginManager.java:490)
	at org.apache.maven.lifecycle.DefaultLifecycleExecutor.executeGoals(DefaultLifecycleExecutor.java:694)
	... 17 more
Surefire output
-------------------------------
-------------------------------------------------------------------------------
Test set: org.apache.camel.issues.RetryRouteScopedUntilRecipientListParallelIssueTest
-------------------------------------------------------------------------------
Tests run: 7, Failures: 1, Errors: 0, Skipped: 0, Time elapsed: 10.217 sec &lt;&lt;&lt; FAILURE!
testRetryUntilRecipientListOkAndFail(org.apache.camel.issues.RetryRouteScopedUntilRecipientListParallelIssueTest)  Time elapsed: 3.729 sec  &lt;&lt;&lt; FAILURE!
junit.framework.AssertionFailedError: expected:&lt;3&gt; but was:&lt;0&gt;
	at junit.framework.Assert.fail(Assert.java:47)
	at junit.framework.Assert.failNotEquals(Assert.java:280)
	at junit.framework.Assert.assertEquals(Assert.java:64)
	at junit.framework.Assert.assertEquals(Assert.java:198)
	at junit.framework.Assert.assertEquals(Assert.java:204)
	at org.apache.camel.issues.RetryRouteScopedUntilRecipientListParallelIssueTest.testRetryUntilRecipientListOkAndFail(RetryRouteScopedUntilRecipientListParallelIssueTest.java:38)
